%!Adobe-FontList 1.13
%Locale:0x409

%BeginFont
Handler:DirectoryHandler
FontType:TrueType
FontName:Flaticon
FamilyName:Flaticon
StyleName:Medium
MenuName:Flaticon
StyleBits:0
WeightClass:500
WidthClass:5
AngleClass:0
FullName:Flaticon
WritingScript:Roman
OutlineFileName:\Flaticon.ttf
DataFormat:sfntData
FileLength:94052
FileModTime:1466608064
%EndFont

%BeginFont
Handler:DirectoryHandler
FontType:Type1
FontName:Garamond3LTStd
FamilyName:Garamond 3 LT Std
StyleName:Regular
MenuName:Garamond 3 LT Std
StyleBits:0
WeightClass:400
WidthClass:5
AngleClass:0
FullName:Garamond 3 LT Std
WritingScript:Roman
OutlineFileName:\Garamond3LTStd.otf
DataFormat:sfntData
UsesStandardEncoding:yes
isCFF:yes
FileLength:50796
FileModTime:1177690650
%EndFont

%BeginFont
Handler:DirectoryHandler
FontType:Type1
FontName:Apercu-Light
FamilyName:Apercu
StyleName:Light
MenuName:Apercu Light
StyleBits:0
WeightClass:300
WidthClass:5
AngleClass:0
FullName:Apercu Light
WritingScript:Roman
OutlineFileName:\{Colophon} Aperçu Light Typeface.otf
DataFormat:sfntData
UsesStandardEncoding:yes
isCFF:yes
FileLength:275736
FileModTime:1444255088
%EndFont

